Command line:
   Division_isim_beh.exe
     -simmode  gui
     -simrunnum  0
     -socket  50057

Sat Nov 03 09:05:50 2018


 Elaboration Time: 0.09375 sec

 Current Memory Usage: 5325.55 Meg

 Total Signals          : 16
 Total Nets             : 131
 Total Signal Drivers   : 13
 Total Blocks           : 4
 Total Primitive Blocks : 4
 Total Processes        : 11
 Total Traceable Variables  : 11
 Total Scalar Nets and Variables : 517
Total Line Count : 41
In process divider.vhd:73 
 FATAL ERROR:ISim: This application has discovered an exceptional condition from which it cannot recover. Process will terminate. To search for possible resolutions to this issue, refer to the Xilinx answer database by going to http://www.xilinx.com/support/answers/index.htm and search with keywords 'ISim' and 'FATAL ERROR'. For technical support on this issue, please open a WebCase with this project attached at http://www.xilinx.com/support.

 Total Simulation Time: 1.70313 sec

 Current Memory Usage: 5203.69 Meg

Sat Nov 03 09:09:01 2018

